刑法 clicked
1 items found
刑法论 刑法的解释|http://bccdn-video-source.haixue.com/2001/FPNDFHXC/c26d98ad3b05f9019ddf735bb4b95e18.mp4?key=a6521fa3cd0ad03bfc37f4378790acb9&expires=61ce9425
刑法论 刑法的效力范围|http://bccdn-video-source.haixue.com/2001/NNKXPUGG/b4fe8e4e4748ced77c051ed4eda737a5.mp4?key=6e6ef38fbf95f5547b44bfdfc0c8ceef&expires=61ce9430
犯罪构成 犯罪构成阶层化与构成要件要素|http://bccdn-video-source.haixue.com/2001/BFLSECMY/c60937bc0c6b9f654c6c60c7fee5cf5e.mp4?key=9668968ad5d556f6fea9a8afb6197670&expires=61ce943b
犯罪构成 行为主体|http://bccdn-video-source.haixue.com/2001/TUWKAXBL/4eb6bece61eb05eba585354082c3436f.mp4?key=9be69d0b17969596963c1ec31303c220&expires=61ce9445
犯罪构成 危害行为|http://bccdn-video-source.haixue.com/2001/EEFIKGDR/420122f6af6a6c75633df3d980be5251.mp4?key=6c6feb7d2e82f32bb0fab5f59a93d77f&expires=61ce9450
犯罪构成 行为对象与危害结果|http://bccdn-video-source.haixue.com/2001/ONSLPRPT/a71736f99b43dca03390e9ffa2dad939.mp4?key=e9cc7af5a3caa3ecc0112db9332c6910&expires=61ce945b
犯罪构成 因果关系|http://bccdn-video-source.haixue.com/2001/PQSULTVP/85999de86176476bf07fac6f4eb449f4.mp4?key=5034912f1442b57d38b891fe8393a7b0&expires=61ce9465
犯罪构成 正当防卫|http://bccdn-video-source.haixue.com/2001/NEGMYVSN/1cecfd2281e977114f726a76f324bf76.mp4?key=ba16d07be5350e1482437aa6e7003b93&expires=61ce9470
犯罪构成 紧急避险|http://bccdn-video-source.haixue.com/2001/JMXQBDPN/9fdc1941ccb90f456b1157afc4f2a40a.mp4?key=7e2025c810f6c80aaa11313cdad58376&expires=61ce947b
刑法论 刑法的基本问题|http://bccdn-video-source.haixue.com/2001/XAMURNEC/06db55fb874276230448596b45dc594d.mp4?key=14783ab9bfe86085368d410de9ce0c60&expires=61ce9485
理论法学 clicked
1 items found
商经法 clicked
1 items found
刑法论 刑法的解释|http://bccdn-video-source.haixue.com/2001/FPNDFHXC/c26d98ad3b05f9019ddf735bb4b95e18.mp4?key=207ccbdd020cd47c7f65c3910b575a15&expires=61ce94a8
刑法论 刑法的效力范围|http://bccdn-video-source.haixue.com/2001/NNKXPUGG/b4fe8e4e4748ced77c051ed4eda737a5.mp4?key=2491f2ed3c76a823e54637f0f03c5d0f&expires=61ce94b3
犯罪构成 犯罪构成阶层化与构成要件要素|http://bccdn-video-source.haixue.com/2001/BFLSECMY/c60937bc0c6b9f654c6c60c7fee5cf5e.mp4?key=6e71d3dbb46d714821b61f42df321db8&expires=61ce94be
犯罪构成 行为主体|http://bccdn-video-source.haixue.com/2001/TUWKAXBL/4eb6bece61eb05eba585354082c3436f.mp4?key=e4230858fe4dc077458aacc995b65680&expires=61ce94c9
犯罪构成 危害行为|http://bccdn-video-source.haixue.com/2001/EEFIKGDR/420122f6af6a6c75633df3d980be5251.mp4?key=183be630907693ed9316b5d3e1a4c254&expires=61ce94d4
犯罪构成 行为对象与危害结果|http://bccdn-video-source.haixue.com/2001/ONSLPRPT/a71736f99b43dca03390e9ffa2dad939.mp4?key=2277e6de8a4a9cdb18991c90d7e32a0e&expires=61ce94df
犯罪构成 因果关系|http://bccdn-video-source.haixue.com/2001/PQSULTVP/85999de86176476bf07fac6f4eb449f4.mp4?key=8355ed8ffa1248eea61c169934d93f2c&expires=61ce94eb
犯罪构成 正当防卫|http://bccdn-video-source.haixue.com/2001/NEGMYVSN/1cecfd2281e977114f726a76f324bf76.mp4?key=ff1df507d33afc222afb7067c0a968b2&expires=61ce94f6
犯罪构成 紧急避险|http://bccdn-video-source.haixue.com/2001/JMXQBDPN/9fdc1941ccb90f456b1157afc4f2a40a.mp4?key=dec4a39bf11cd8f7fd8e10d5e5e4f167&expires=61ce9501
刑法论 刑法的基本问题|http://bccdn-video-source.haixue.com/2001/XAMURNEC/06db55fb874276230448596b45dc594d.mp4?key=ae9e2f723848add4fa464a54661b5644&expires=61ce950c
