战略 clicked
14 items found
导学01|http://video.highso.com.cn/4381705evodtranscq1500000473/a322d48c3701925919484780532/v.f124028.mp3
导学02|http://video.highso.com.cn/4381705evodtranscq1500000473/2ffc7d493701925919336981053/v.f124028.mp3
第一章 战略与战略管理 第一节 公司战略的基本概念01|http://video.highso.com.cn/4381705evodtranscq1500000473/d3009dd35285890815920356747/v.f124028.mp3
第一章 战略与战略管理 第一节 公司战略的基本概念02|http://video.highso.com.cn/4381705evodtranscq1500000473/da2220365285890815920672983/v.f124028.mp3
第一章 战略与战略管理 第二节 公司战略管理01|http://video.highso.com.cn/4381705evodtranscq1500000473/8a4e15305285890815912792721/v.f124028.mp3
第一章 战略与战略管理 第二节 公司战略管理02|http://video.highso.com.cn/4381705evodtranscq1500000473/cdbeed285285890815913365014/v.f124028.mp3
第二章 战略分析 第一节 企业外部环境分析01|http://video.highso.com.cn/4381705evodtranscq1500000473/13b89c495285890815914063172/v.f124028.mp3
第二章 战略分析 第一节 企业外部环境分析02|http://video.highso.com.cn/4381705evodtranscq1500000473/73a953465285890815922611027/v.f124028.mp3
第二章 战略分析 第一节 企业外部环境分析03|http://video.highso.com.cn/4381705evodtranscq1500000473/dea72b0e5285890816112272958/v.f124028.mp3
第二章 战略分析 第一节 企业外部环境分析04|http://video.highso.com.cn/4381705evodtranscq1500000473/e53a894a5285890816112513479/v.f124028.mp3
第二章 战略分析 第一节 企业外部环境分析05|http://video.highso.com.cn/4381705evodtranscq1500000473/eccdff8b5285890816112899004/v.f124028.mp3
第二章 战略分析 第二节 企业内部环境分析01|http://video.highso.com.cn/4381705evodtranscq1500000473/2ba52dd65285890816113279589/v.f124028.mp3
第二章 战略分析 第二节 企业内部环境分析02|http://video.highso.com.cn/4381705evodtranscq1500000473/36cd0ba85285890816113703781/v.f124028.mp3
第二章 战略分析 第二节 企业内部环境分析03|http://video.highso.com.cn/4381705evodtranscq1500000473/3b78e3e25285890816113906050/v.f124028.mp3
第二章 战略分析 第三节 SWOT分析|http://video.highso.com.cn/4381705evodtranscq1500000473/7601d6eb5285890816114139348/v.f124028.mp3
第三章 战略选择 第一节 总体战略 01|http://video.highso.com.cn/4381705evodtranscq1500000473/7d48a2ef5285890816114477572/v.f124028.mp3
第三章 战略选择 第一节 总体战略 02|http://video.highso.com.cn/4381705evodtranscq1500000473/86885e095285890816114862172/v.f124028.mp3
第三章 战略选择 第一节 总体战略 03|http://video.highso.com.cn/4381705evodtranscq1500000473/c06d70ea5285890816115003959/v.f124028.mp3
第三章 战略选择 第一节 总体战略 04|http://video.highso.com.cn/4381705evodtranscq1500000473/c573bbee5285890816115256089/v.f124028.mp3
第三章 战略选择 第一节 总体战略 05|http://video.highso.com.cn/4381705evodtranscq1500000473/ca1c890c5285890816115453808/v.f124028.mp3
第三章 战略选择 第一节 总体战略 06|http://video.highso.com.cn/4381705evodtranscq1500000473/d11e1bd45285890816115757278/v.f124028.mp3
第三章 战略选择 第二节 业务单位战略 01|http://video.highso.com.cn/4381705evodtranscq1500000473/d56aa7c85285890816115901239/v.f124028.mp3
第三章 战略选择 第二节 业务单位战略 02|http://video.highso.com.cn/4381705evodtranscq1500000473/150b1d135285890816116395971/v.f124028.mp3
第三章 战略选择 第二节 业务单位战略 03|http://video.highso.com.cn/4381705evodtranscq1500000473/b00a80905285890817016861673/v.f124028.mp3
第三章 战略选择 第三节 职能战略 01|http://video.highso.com.cn/4381705evodtranscq1500000473/ce3d0f775285890817020839995/v.f124028.mp3
第三章 战略选择 第三节 职能战略 02|http://video.highso.com.cn/4381705evodtranscq1500000473/bd707b6b5285890817054415941/v.f124028.mp3
第三章 战略选择 第三节 职能战略 03|http://video.highso.com.cn/4381705evodtranscq1500000473/c04337375285890817054583974/v.f124028.mp3
第三章 战略选择 第三节 职能战略 04|http://video.highso.com.cn/4381705evodtranscq1500000473/c275252b5285890817054665142/v.f124028.mp3
第三章 战略选择 第三节 职能战略 05|http://video.highso.com.cn/4381705evodtranscq1500000473/0f71134c5285890817055668400/v.f124028.mp3
第三章 战略选择 第三节 职能战略 06|http://video.highso.com.cn/4381705evodtranscq1500000473/14071fd25285890817055854580/v.f124028.mp3
第三章 战略选择 第三节 职能战略 07|http://video.highso.com.cn/4381705evodtranscq1500000473/57beda305285890817056464715/v.f124028.mp3
第三章 战略选择 第三节 职能战略 08|http://video.highso.com.cn/4381705evodtranscq1500000473/637b4e755285890817056975812/v.f124028.mp3
第三章 战略选择 第四节 国际化经营战略 01|http://video.highso.com.cn/4381705evodtranscq1500000473/9dcc39d15285890817057175545/v.f124028.mp3
第三章 战略选择 第四节 国际化经营战略 02|http://video.highso.com.cn/4381705evodtranscq1500000473/a93f22b25285890817057644275/v.f124028.mp3
第四章 战略实施 第一节 公司战略与组织结构 01|http://video.highso.com.cn/4381705evodtranscq1500000473/e80391455285890817058013154/v.f124028.mp3
第四章 战略实施 第一节 公司战略与组织结构 02|http://video.highso.com.cn/4381705evodtranscq1500000473/f3d096525285890817058531927/v.f124028.mp3
第四章 战略实施 第一节 公司战略与组织结构 03|http://video.highso.com.cn/4381705evodtranscq1500000473/fb07e1315285890817058864233/v.f124028.mp3
第四章 战略实施 第一节 公司战略与组织结构 04|http://video.highso.com.cn/4381705evodtranscq1500000473/3a0557b25285890817059268154/v.f124028.mp3
第四章 战略实施 第二节 公司战略与企业文化|http://video.highso.com.cn/4381705evodtranscq1500000473/437af6565285890817059682662/v.f124028.mp3
第四章 战略实施 第三节 战略控制 01|http://video.highso.com.cn/4381705evodtranscq1500000473/6cf1abc55285890817060082434/v.f124028.mp3
第四章 战略实施 第三节 战略控制 02|http://video.highso.com.cn/4381705evodtranscq1500000473/cba1866b5285890817234323835/v.f124028.mp3
第四章 战略实施 第四节 战略管理中的权利与利益相关者|http://video.highso.com.cn/4381705evodtranscq1500000473/e11e0ba65285890817217633222/v.f124028.mp3
第四章 战略实施 第五节 公司战略与数字化技术|http://video.highso.com.cn/4381705evodtranscq1500000473/d97c2c2d5285890817234903194/v.f124028.mp3
第五章 公司治理 第一节 公司治理概述 01|http://video.highso.com.cn/4381705evodtranscq1500000473/5eddb74a5285890817141430298/v.f124028.mp3
第五章 公司治理 第一节 公司治理概述 02|http://video.highso.com.cn/4381705evodtranscq1500000473/24a235d75285890817235877715/v.f124028.mp3
第五章 公司治理 第二节 三大公司治理问题 01|http://video.highso.com.cn/4381705evodtranscq1500000473/7b1179515285890817219631539/v.f124028.mp3
第五章 公司治理 第二节 三大公司治理问题 02|http://video.highso.com.cn/4381705evodtranscq1500000473/a945a8fc5285890817220243122/v.f124028.mp3
第五章 公司治理 第三节 公司内部治理结构和外部治理机制 01|http://video.highso.com.cn/4381705evodtranscq1500000473/3a9f98595285890817582951395/v.f124028.mp3
第五章 公司治理 第三节 公司内部治理结构和外部治理机制 02|http://video.highso.com.cn/4381705evodtranscq1500000473/3ab61c215285890817582969574/v.f124028.mp3
第五章 公司治理 第三节 公司治理的基础设施|http://video.highso.com.cn/4381705evodtranscq1500000473/cb2dd6535285890817584542085/v.f124028.mp3
第六章 风险与风险管理 第一节 风险与风险管理概述 01|http://video.highso.com.cn/4381705evodtranscq1500000473/cb886d945285890817584592702/v.f124028.mp3
第六章 风险与风险管理 第一节 风险与风险管理概述 02|http://video.highso.com.cn/4381705evodtranscq1500000473/cdbd3bd85285890817584679700/v.f124028.mp3
第六章 风险与风险管理 第二节 风险管理基本流程|http://video.highso.com.cn/4381705evodtranscq1500000473/cf8fcd065285890817584702200/v.f124028.mp3
第六章 风险与风险管理 第三节 风险管理体系 01|http://video.highso.com.cn/4381705evodtranscq1500000473/d012583f5285890817584779445/v.f124028.mp3
第六章 风险与风险管理 第三节 风险管理体系 02|http://video.highso.com.cn/4381705evodtranscq1500000473/d21b48785285890817584832466/v.f124028.mp3
第六章 风险与风险管理 第三节 风险管理体系 03|http://video.highso.com.cn/4381705evodtranscq1500000473/d22df1985285890817584843563/v.f124028.mp3
第六章 风险与风险管理 第三节 风险管理体系 04|http://video.highso.com.cn/4381705evodtranscq1500000473/d44f0eba5285890817584917842/v.f124028.mp3
第六章 风险与风险管理 第三节 风险管理体系 05|http://video.highso.com.cn/4381705evodtranscq1500000473/753986f65285890817583192592/v.f124028.mp3
第六章 风险与风险管理 第三节 风险管理体系 06|http://video.highso.com.cn/4381705evodtranscq1500000473/0c5d6d315285890817585028326/v.f124028.mp3
第六章 风险与风险管理 第四节 风险管理技术与方法 01|http://video.highso.com.cn/4381705evodtranscq1500000473/0ca32bc05285890817585063999/v.f124028.mp3
第六章 风险与风险管理 第四节 风险管理技术与方法 02|http://video.highso.com.cn/4381705evodtranscq1500000473/0cb63e965285890817585075248/v.f124028.mp3
第一章 战略与战略管理 第二章 战略分析 第三章 战略选择1|http://video.highso.com.cn/4381705evodtranscq1500000473/eddb26f73701925919485692855/v.f124028.mp3
第三章 战略选择2|http://video.highso.com.cn/4381705evodtranscq1500000473/f27456b23701925919485884073/v.f124028.mp3
第三章 战略选择3|http://video.highso.com.cn/4381705evodtranscq1500000473/3800faee3701925919486521674/v.f124028.mp3
第四章 战略实施 第五章 公司治理 第六章 风险与风险管理|http://video.highso.com.cn/4381705evodtranscq1500000473/7baa63523701925919487128476/v.f124028.mp3
历年真题与讲解 01|http://video.highso.com.cn/4381705evodtranscq1500000473/872dc2a63701925919487604213/v.f124028.mp3
历年真题与讲解 02|http://video.highso.com.cn/4381705evodtranscq1500000473/2e03936c3701925919479321861/v.f124028.mp3
历年真题与讲解 03|http://video.highso.com.cn/4381705evodtranscq1500000473/cb2ddc093701925919488254340/v.f124028.mp3
历年真题与讲解 04|http://video.highso.com.cn/4381705evodtranscq1500000473/d963b2783701925919488885642/v.f124028.mp3
历年真题与讲解 05|http://video.highso.com.cn/4381705evodtranscq1500000473/a899a1033701925919474140309/v.f124028.mp3
第一章 战略与战略管理|http://video.highso.com.cn/4381705evodtranscq1500000473/7c736d9f3701925920638444430/v.f124028.mp3
第二章 战略分析|http://video.highso.com.cn/4381705evodtranscq1500000473/861069e73701925920638884250/v.f124028.mp3
第三章 战略选择 第一节 总体战略（公司层战略）|http://video.highso.com.cn/4381705evodtranscq1500000473/c9a3f7e73701925920639474515/v.f124028.mp3
第三章 战略选择 第二节 业务单位战略|http://video.highso.com.cn/4381705evodtranscq1500000473/fe56cd963701925920640312353/v.f124028.mp3
第三章 战略选择 第三节 职能战略 1|http://video.highso.com.cn/4381705evodtranscq1500000473/0579745a3701925920640630804/v.f124028.mp3
第三章 战略选择 第三节 职能战略 2|http://video.highso.com.cn/4381705evodtranscq1500000473/445218fa3701925920641013286/v.f124028.mp3
第三章 战略选择 第四节 国际化经营战略|http://video.highso.com.cn/4381705evodtranscq1500000473/f0e4d42a3701925920477198407/v.f124028.mp3
第四章 战略实施 第一节 公司战略与组织结构 第二节 公司战略与企业文化|http://video.highso.com.cn/4381705evodtranscq1500000473/915ce2793701925920642020871/v.f124028.mp3
第四章 战略实施 第三节 战略控制 第四节 战略管理中的权利与利益相关者 第五节 公司战略与数字化技术|http://video.highso.com.cn/4381705evodtranscq1500000473/80f2bf823701925920621936561/v.f124028.mp3
第五章 公司治理|http://video.highso.com.cn/4381705evodtranscq1500000473/e57ace613701925920643340972/v.f124028.mp3
第六章 风险与风险管理|http://video.highso.com.cn/4381705evodtranscq1500000473/ec4732da3701925920643616401/v.f124028.mp3
