会计 clicked
2020考季 clicked
14 items found
前言 （1）开篇导读之学科定位、教材变化和学习重点|http://bccdn-video-source.haixue.com/2004/VMYXDRUB/413274168a18c6f3c373c37554a684eb.mp4?key=722044b11508fc4e0c86bfcb91b537fe&expires=61ce9bbd
前言 （2）开篇导读之20年考试命题特点及高效复习方法.|http://bccdn-video-source.haixue.com/2004/SEGGVYTN/5a404ccaeca5b3217c2743096d4b6210.mp4?key=76a695da48f63c85c709872f51d16425&expires=61ce9bc8
第1章 （1）总论1|http://bccdn-video-source.haixue.com/2004/FVXWQLOO/6965fee712d88fac6665f4d163c39a22.mp4?key=47659963073c01f403300407bda0f329&expires=61ce9bd2
第1章 （2）总论2|http://bccdn-video-source.haixue.com/2004/UTPALSTM/41e4c2f3af793692dbc31235ad972e77.mp4?key=90670fd70a50a4789a2e4ceb93c2ae0e&expires=61ce9bdc
第3章 （1）存货|http://bccdn-video-source.haixue.com/2004/SEEXVODB/fc2a8afdf8c041da3c87a64c15fdcc19.mp4?key=998336a02edf9860bb8b8eda19d23362&expires=61ce9be7
第4章 （1）固定资产的概念及取得|http://bccdn-video-source.haixue.com/2004/XIXWGASO/745fa057db7104aae8f032548663fb84.mp4?key=69f8860e5a39890f6608263b593f76aa&expires=61ce9bf1
第4章 （2）固定资产的使用及处置|http://bccdn-video-source.haixue.com/2004/VDCAITFH/1f93219386c17ea9922ac2040a734e90.mp4?key=90f65d2163f25b7756bf4244cf9c8190&expires=61ce9bfc
第5章 （1）无形资产|http://bccdn-video-source.haixue.com/2004/JAWREGFF/7b6abbad2da74153e483192ed247560c.mp4?key=924182e3b9939b1557045446864352a1&expires=61ce9c06
第6章 （2）投资性房地产的会计处理|http://bccdn-video-source.haixue.com/2004/DBFDMUNQ/a2566cb05f9eff0c88bbd6829710f5ce.mp4?key=0235fc46567b1b96b19b38a9b3a262a0&expires=61ce9c10
第7章 （1）长期股权投资的核算范围|http://bccdn-video-source.haixue.com/2004/FNEVKVHA/e585b2645e8e6b37a6d632aae46becac.mp4?key=a5852985b83103f65727591218752abc&expires=61ce9c1b
第7章 （2）长期股权投资的核算方法及成本法核算1-投资时的核算|http://bccdn-video-source.haixue.com/2004/LBXQRPNT/7390abb7fa90bc9fbefd8c0f3fed4033.mp4?key=b4777faf7dbd800d64ea4256330a16e1&expires=61ce9c25
第7章 （3）成本法核算2-持有期间及处置时的核算|http://bccdn-video-source.haixue.com/2004/QCHONCAH/84a704cf98749bd4623a50c466ebb896.mp4?key=ab456f07635b51cc07da5f517bfd3828&expires=61ce9c30
第7章 （4）权益法核算1-投资时的核算|http://bccdn-video-source.haixue.com/2004/UNRBMAFX/087cf9d900a06f80f4c219f31f2cbea1.mp4?key=b478043aa606bf3dbcfc9906d2967333&expires=61ce9c3b
第7章 （5）权益法核算2-持有期间的核算1|http://bccdn-video-source.haixue.com/2004/YDIWQXUW/0f1e56911b5c1417263fe9725e1dfae3.mp4?key=7b9a4e4a2cdbdd0e5c389006a2ec6d77&expires=61ce9c45
第7章 （6）权益法核算3-持有期间的核算2|http://bccdn-video-source.haixue.com/2004/BBDCKVGF/5c14d28eec53a30470cc055a9f80e1c1.mp4?key=1e9d018ac670566f8644a9470cb235ad&expires=61ce9c50
第7章 （7）权益法核算4-处置时的核算|http://bccdn-video-source.haixue.com/2004/RGNNQOBL/fe234b37bdfc7a36fd8ecb07e73e2d64.mp4?key=d73ff712b02773fc6c657fdb850534f3&expires=61ce9c5b
第7章 （8）核算方法的转换|http://bccdn-video-source.haixue.com/2004/NYDFPIIT/21906d58e76c16818c46a0f50bf7d0bd.mp4?key=db67d7f22d3093970819404ba5c635f4&expires=61ce9c66
第7章 （9）合营安排|http://bccdn-video-source.haixue.com/2004/DDSSJVQM/16946f8c4fdd937ec1453d5a40b3a501.mp4?key=6ac2b801f8c79fd33ad8cb7923f9bb4d&expires=61ce9c70
第8章 （1）资产减值范围和迹象以及单项资产计提减值准备|http://bccdn-video-source.haixue.com/2004/PDVWHUYX/a66d2003f93c0a2f1ab5efcd43323be9.mp4?key=c7f6f0f815e52ef75d36b852d5dce7d6&expires=61ce9c7b
第8章 （2）资产组的减值准备|http://bccdn-video-source.haixue.com/2004/XFPJSPKO/4ed5fc28a30b589cd4bfcf472530c89c.mp4?key=ae82ef932ec0939a4e119b80dba23a86&expires=61ce9c85
第8章 （3）总部资产及商誉的减值|http://bccdn-video-source.haixue.com/2004/XWGRBUGU/75b22a147b92229171ba4cb8cb2504fe.mp4?key=d15fa027d8031523d020b9913c8b22a6&expires=61ce9c90
第9章 （1）流动负债|http://bccdn-video-source.haixue.com/2004/UTDQGFJC/1828700b22e44fcf12f723fe1b67fcc5.mp4?key=a7dd454d21f407a0dedbfae82cebfe05&expires=61ce9c9b
第9章 （2）应交增值税的核算1|http://bccdn-video-source.haixue.com/2004/NTEUMWXO/8c7828f7d6fdf3134f611b311ba05eaa.mp4?key=db8374d34de13ab02f53e628a138d444&expires=61ce9ca5
第9章 （3）应交增值税的核算2|http://bccdn-video-source.haixue.com/2004/NMGURIVS/e8e63037d2b11e462c5c00b7bea1e621.mp4?key=262352046cb5fe755acdeacd4dfecc30&expires=61ce9cb0
第9章 （4）小规模纳税人的会计处理、其他税种的核算及应付债券的会计处理|http://bccdn-video-source.haixue.com/2004/UNHXEWET/fc14cf4db0cd96a60ab6fbe10fd77832.mp4?key=6d4c857437a17b696710733c8de8c7af&expires=61ce9cbb
第10章 （1）概念和分类、短期薪酬的确认与计量|http://bccdn-video-source.haixue.com/2004/SDQIXQFP/94e3b1822936c4e0035add9892400d0c.mp4?key=04b64fdcb5f91b0829a50db0addfe712&expires=61ce9cc6
第10章 （2）离职后福利、辞退福利和其他长期职工福利的确认与计量|http://bccdn-video-source.haixue.com/2004/WRMAWRFL/ba2bf23a3d660bfaf320793d8bef03f0.mp4?key=c0c0998ef10c6d6518c38ca4c600a50e&expires=61ce9cd1
第11章 （1）借款费用的范围及确认|http://bccdn-video-source.haixue.com/2004/OIBOBGIW/558718f44f2681b60c26b975de1975cd.mp4?key=9f88398216bbddf05218df9d6bcb52cf&expires=61ce9cee
第11章 （2）借款费用的计量|http://bccdn-video-source.haixue.com/2004/CJGFJFMV/00bc383eba72050c21bee24fa5bf2851.mp4?key=408313ab6d277ff9c2bed9e98c1cebfb&expires=61ce9cf8
第12章 （1）股份支付的概念及主要类型|http://bccdn-video-source.haixue.com/2004/HTVNUDOM/ff1a654cfeffb4342101f42bf173641c.mp4?key=e9ad81e966d1b11df03f3901e071c13f&expires=61ce9d08
第12章 （2）权益结算股份支付|http://bccdn-video-source.haixue.com/2004/DICFRUHK/453134d22989baaa699ab21eb1c41b6a.mp4?key=a83b9c831726a31691404b034f4fbe5d&expires=61ce9d13
第12章 （3）现金结算股份支付及可行权条件的修改|http://bccdn-video-source.haixue.com/2004/SEEOPVCS/a52e205f890ba8b673813eab52c0fdd1.mp4?key=e073cfa4e09ef249e61869068452d1b1&expires=61ce9d21
第12章 （4）集团股份支付的处理|http://bccdn-video-source.haixue.com/2004/YRTKGTOQ/d8f30f10640c73d872433935af611e08.mp4?key=94e63f0336c1899b998c5f3d9ba1f3f6&expires=61ce9d3b
第13章 （1）或有事项|http://bccdn-video-source.haixue.com/2004/PLIBMEDJ/23f085d01846925c91b0155113b81345.mp4?key=99c87379c1a4f88980fc5c32a0fa082f&expires=61ce9d46
第14章 （1）金融工具的概念和类型|http://bccdn-video-source.haixue.com/2005/KPOTJLRJ/360c0c259f90a75f0fcd40f0d3d53f11.mp4?key=7868501a391769c38c758ff32394c1e1&expires=61ce9d55
第14章 （2）金融资产的分类和重分类|http://bccdn-video-source.haixue.com/2005/TSBWWKLS/4ee945333841e4dc6c67c9914e959fad.mp4?key=c65b1f17c28b20eb9475d38b7b28a2d7&expires=61ce9d60
第14章 （3）金融资产的计量1-债权类金融资产|http://bccdn-video-source.haixue.com/2005/ORXSNPCU/000eebf619f97f7a12c3d85218da2653.mp4?key=5fada9bbc5f589234b2fb0db6efa0db9&expires=61ce9d6b
第14章 （4）金融资产的计量2-股权类金融资产|http://bccdn-video-source.haixue.com/2005/OLFMRJWA/0f775326599f5c971861b4e24c85c78d.mp4?key=251a456e4226eff18a39a770c604d0cc&expires=61ce9d76
第14章 （5）金融工具减值|http://bccdn-video-source.haixue.com/2005/HMJOLOYS/7a1bb3473b5f2781202e643b39a6c594.mp4?key=1647f0e01ef3f83844013ac951f291e1&expires=61ce9d81
第14章 （6）金融负债|http://bccdn-video-source.haixue.com/2005/QRQNBSMF/8690ba17bdf8b9f177c6ab6b802f779d.mp4?key=458da8d0a093f57f696aa44c8d003adc&expires=61ce9d8c
第14章 （7）金融负债和权益工具的区分|http://bccdn-video-source.haixue.com/2005/VIKTBLOM/cdd64e260e45f3d40232971df60f032c.mp4?key=7aca3f1f9da2746d9db86430ff0d40a2&expires=61ce9d97
第14章 （8）金融资产转移|http://bccdn-video-source.haixue.com/2005/JKAMQELM/cd01c38f685eebcc01bb187d0072136f.mp4?key=8d19951af9377489cec14f5a7a1d7058&expires=61ce9da6
